TN:
SF:contracts/DumpsterBin.sol
FN:18,DumpsterBin.setDumpsterDivers
FNDA:5,DumpsterBin.setDumpsterDivers
DA:19,5
BRDA:19,0,0,1
BRDA:19,0,1,4
DA:21,4
FN:24,DumpsterBin.setTrash
FNDA:5,DumpsterBin.setTrash
DA:25,5
BRDA:25,1,0,1
BRDA:25,1,1,4
DA:27,4
FN:30,DumpsterBin.mint
FNDA:1,DumpsterBin.mint
DA:31,1
DA:32,1
FNF:3
FNH:3
LF:6
LH:6
BRF:4
BRH:4
end_of_record
TN:
SF:contracts/DumpsterDivers.sol
FN:16,DumpsterDivers.mint
FNDA:2,DumpsterDivers.mint
DA:17,2
BRDA:17,0,0,1
BRDA:17,0,1,1
DA:19,1
DA:20,1
DA:21,1
FN:24,DumpsterDivers.getVault
FNDA:0,DumpsterDivers.getVault
DA:25,0
FNF:2
FNH:1
LF:5
LH:4
BRF:2
BRH:2
end_of_record
TN:
SF:contracts/ERC404.sol
FN:160,ERC404.setWhitelist
FNDA:1,ERC404.setWhitelist
DA:161,1
FN:165,ERC404.ownerOf
FNDA:2,ERC404.ownerOf
DA:166,2
DA:168,2
BRDA:168,0,0,-
BRDA:168,0,1,2
DA:169,0
FN:178,ERC404.approve
FNDA:0,ERC404.approve
DA:182,0
BRDA:182,1,0,-
BRDA:182,1,1,-
DA:183,0
DA:185,0
BRDA:185,2,0,-
BRDA:185,2,1,-
DA:186,0
DA:189,0
DA:191,0
DA:193,0
DA:195,0
DA:198,0
FN:202,ERC404.setApprovalForAll
FNDA:1,ERC404.setApprovalForAll
DA:203,1
DA:205,1
FN:210,ERC404.transferFrom
FNDA:1,ERC404.transferFrom
DA:215,1
BRDA:215,3,0,-
BRDA:215,3,1,1
DA:216,1
BRDA:216,4,0,-
BRDA:216,4,1,1
DA:217,0
DA:220,1
BRDA:220,5,0,-
BRDA:220,5,1,1
DA:221,0
DA:225,1
DA:226,1
DA:227,0
BRDA:224,6,0,-
BRDA:224,6,1,1
DA:229,0
DA:232,1
DA:235,1
DA:238,1
DA:239,1
DA:242,1
DA:243,1
DA:245,1
DA:247,1
DA:249,1
DA:251,1
DA:253,1
DA:254,1
DA:256,0
DA:258,0
BRDA:258,7,0,-
BRDA:258,7,1,-
DA:259,0
DA:261,0
FN:266,ERC404.transfer
FNDA:1,ERC404.transfer
DA:270,1
FN:274,ERC404.safeTransferFrom
FNDA:0,ERC404.safeTransferFrom
DA:279,0
DA:282,0
DA:283,0
BRDA:281,8,0,-
BRDA:281,8,1,-
DA:286,0
FN:291,ERC404.safeTransferFrom
FNDA:0,ERC404.safeTransferFrom
DA:297,0
DA:300,0
DA:301,0
BRDA:299,9,0,-
BRDA:299,9,1,-
DA:304,0
FN:309,ERC404._transfer
FNDA:1,ERC404._transfer
DA:314,1
DA:315,1
DA:316,1
DA:318,1
DA:321,1
DA:325,1
BRDA:325,10,0,-
BRDA:325,10,1,-
DA:326,0
DA:328,0
DA:329,0
DA:334,1
BRDA:334,11,0,1
BRDA:334,11,1,1
DA:335,1
DA:337,1
DA:338,1
DA:342,1
DA:343,1
FN:347,ERC404._getUnit
FNDA:4,ERC404._getUnit
DA:348,4
FN:351,ERC404._mint
FNDA:1,ERC404._mint
DA:352,1
BRDA:352,12,0,-
BRDA:352,12,1,1
DA:353,0
DA:357,1
DA:360,1
DA:362,1
BRDA:362,13,0,-
BRDA:362,13,1,1
DA:363,0
DA:366,1
DA:367,1
DA:368,1
DA:370,1
FN:373,ERC404._burn
FNDA:0,ERC404._burn
DA:374,0
BRDA:374,14,0,-
BRDA:374,14,1,-
DA:375,0
DA:378,0
DA:379,0
DA:380,0
DA:381,0
DA:382,0
DA:384,0
FN:387,ERC404._setNameSymbol
FNDA:0,ERC404._setNameSymbol
DA:391,0
DA:392,0
FN:26,Ownable.transferOwnership
FNDA:0,Ownable.transferOwnership
DA:27,0
BRDA:27,0,0,-
BRDA:27,0,1,-
DA:29,0
DA:31,0
FN:34,Ownable.revokeOwnership
FNDA:0,Ownable.revokeOwnership
DA:35,0
DA:37,0
FN:42,ERC721Receiver.onERC721Received
FNDA:0,ERC721Receiver.onERC721Received
DA:48,0
FNF:16
FNH:8
LF:91
LH:44
BRF:32
BRH:9
end_of_record
TN:
SF:contracts/Math.sol
FN:25,Math.tryAdd
FNDA:0,Math.tryAdd
DA:27,0
DA:28,0
BRDA:28,0,0,-
BRDA:28,0,1,-
DA:29,0
FN:36,Math.trySub
FNDA:0,Math.trySub
DA:38,0
BRDA:38,1,0,-
BRDA:38,1,1,-
DA:39,0
FN:46,Math.tryMul
FNDA:0,Math.tryMul
DA:51,0
BRDA:51,2,0,-
BRDA:51,2,1,-
DA:52,0
DA:53,0
BRDA:53,3,0,-
BRDA:53,3,1,-
DA:54,0
FN:61,Math.tryDiv
FNDA:0,Math.tryDiv
DA:63,0
BRDA:63,4,0,-
BRDA:63,4,1,-
DA:64,0
FN:71,Math.tryMod
FNDA:0,Math.tryMod
DA:73,0
BRDA:73,5,0,-
BRDA:73,5,1,-
DA:74,0
FN:81,Math.max
FNDA:0,Math.max
DA:82,0
FN:88,Math.min
FNDA:0,Math.min
DA:89,0
FN:96,Math.average
FNDA:0,Math.average
DA:98,0
FN:107,Math.ceilDiv
FNDA:0,Math.ceilDiv
DA:108,0
BRDA:108,6,0,-
BRDA:108,6,1,-
DA:110,0
DA:114,0
FN:123,Math.mulDiv
FNDA:0,Math.mulDiv
DA:128,0
DA:129,0
DA:132,0
DA:136,0
BRDA:136,7,0,-
BRDA:136,7,1,-
DA:140,0
DA:144,0
BRDA:144,8,0,-
BRDA:144,8,1,-
DA:145,0
DA:153,0
DA:156,0
DA:159,0
DA:160,0
DA:166,0
DA:169,0
DA:172,0
DA:175,0
DA:179,0
DA:184,0
DA:188,0
DA:189,0
DA:190,0
DA:191,0
DA:192,0
DA:193,0
DA:199,0
DA:200,0
FN:207,Math.mulDiv
FNDA:0,Math.mulDiv
DA:208,0
DA:209,0
BRDA:209,9,0,-
BRDA:209,9,1,-
DA:210,0
DA:212,0
FN:221,Math.sqrt
FNDA:0,Math.sqrt
DA:222,0
BRDA:222,10,0,-
BRDA:222,10,1,-
DA:223,0
DA:236,0
DA:243,0
DA:244,0
DA:245,0
DA:246,0
DA:247,0
DA:248,0
DA:249,0
DA:250,0
FN:257,Math.sqrt
FNDA:0,Math.sqrt
DA:259,0
DA:260,0
FN:268,Math.log2
FNDA:0,Math.log2
DA:269,0
DA:271,0
BRDA:271,11,0,-
BRDA:271,11,1,-
DA:272,0
DA:273,0
DA:275,0
BRDA:275,12,0,-
BRDA:275,12,1,-
DA:276,0
DA:277,0
DA:279,0
BRDA:279,13,0,-
BRDA:279,13,1,-
DA:280,0
DA:281,0
DA:283,0
BRDA:283,14,0,-
BRDA:283,14,1,-
DA:284,0
DA:285,0
DA:287,0
BRDA:287,15,0,-
BRDA:287,15,1,-
DA:288,0
DA:289,0
DA:291,0
BRDA:291,16,0,-
BRDA:291,16,1,-
DA:292,0
DA:293,0
DA:295,0
BRDA:295,17,0,-
BRDA:295,17,1,-
DA:296,0
DA:297,0
DA:299,0
BRDA:299,18,0,-
BRDA:299,18,1,-
DA:300,0
DA:303,0
FN:310,Math.log2
FNDA:0,Math.log2
DA:312,0
DA:313,0
FN:321,Math.log10
FNDA:0,Math.log10
DA:322,0
DA:324,0
BRDA:324,19,0,-
BRDA:324,19,1,-
DA:325,0
DA:326,0
DA:328,0
BRDA:328,20,0,-
BRDA:328,20,1,-
DA:329,0
DA:330,0
DA:332,0
BRDA:332,21,0,-
BRDA:332,21,1,-
DA:333,0
DA:334,0
DA:336,0
BRDA:336,22,0,-
BRDA:336,22,1,-
DA:337,0
DA:338,0
DA:340,0
BRDA:340,23,0,-
BRDA:340,23,1,-
DA:341,0
DA:342,0
DA:344,0
BRDA:344,24,0,-
BRDA:344,24,1,-
DA:345,0
DA:346,0
DA:348,0
BRDA:348,25,0,-
BRDA:348,25,1,-
DA:349,0
DA:352,0
FN:359,Math.log10
FNDA:0,Math.log10
DA:361,0
DA:362,0
FN:372,Math.log256
FNDA:0,Math.log256
DA:373,0
DA:375,0
BRDA:375,26,0,-
BRDA:375,26,1,-
DA:376,0
DA:377,0
DA:379,0
BRDA:379,27,0,-
BRDA:379,27,1,-
DA:380,0
DA:381,0
DA:383,0
BRDA:383,28,0,-
BRDA:383,28,1,-
DA:384,0
DA:385,0
DA:387,0
BRDA:387,29,0,-
BRDA:387,29,1,-
DA:388,0
DA:389,0
DA:391,0
BRDA:391,30,0,-
BRDA:391,30,1,-
DA:392,0
DA:395,0
FN:402,Math.log256
FNDA:0,Math.log256
DA:404,0
DA:405,0
FN:412,Math.unsignedRoundsUp
FNDA:0,Math.unsignedRoundsUp
DA:413,0
FNF:20
FNH:0
LF:131
LH:0
BRF:62
BRH:0
end_of_record
TN:
SF:contracts/SignedMath.sol
FN:13,SignedMath.max
FNDA:0,SignedMath.max
DA:14,0
FN:20,SignedMath.min
FNDA:0,SignedMath.min
DA:21,0
FN:28,SignedMath.average
FNDA:0,SignedMath.average
DA:30,0
DA:31,0
FN:37,SignedMath.abs
FNDA:0,SignedMath.abs
DA:40,0
FNF:4
FNH:0
LF:5
LH:0
BRF:0
BRH:0
end_of_record
TN:
SF:contracts/Strings.sol
FN:24,Strings.toString
FNDA:0,Strings.toString
DA:26,0
DA:27,0
DA:28,0
DA:31,0
DA:34,0
DA:39,0
DA:40,0
BRDA:40,0,0,-
BRDA:40,0,1,-
DA:42,0
FN:49,Strings.toStringSigned
FNDA:0,Strings.toStringSigned
DA:52,0
DA:53,0
FN:62,Strings.toHexString
FNDA:0,Strings.toHexString
DA:64,0
FN:71,Strings.toHexString
FNDA:0,Strings.toHexString
DA:75,0
DA:76,0
DA:77,0
DA:78,0
DA:79,0
DA:80,0
DA:81,0
DA:83,0
BRDA:83,1,0,-
BRDA:83,1,1,-
DA:84,0
DA:86,0
FN:93,Strings.toHexString
FNDA:0,Strings.toHexString
DA:94,0
FN:100,Strings.equal
FNDA:0,Strings.equal
DA:104,0
DA:105,0
DA:106,0
FNF:6
FNH:0
LF:25
LH:0
BRF:4
BRH:0
end_of_record
TN:
SF:contracts/Trash.sol
FN:17,Trash.setDataURI
FNDA:0,Trash.setDataURI
DA:18,0
FN:21,Trash.setTokenURI
FNDA:0,Trash.setTokenURI
DA:22,0
FN:25,Trash.setNameSymbol
FNDA:0,Trash.setNameSymbol
DA:29,0
FN:32,Trash.tokenURI
FNDA:0,Trash.tokenURI
DA:33,0
BRDA:33,0,0,-
BRDA:33,0,1,-
DA:34,0
DA:36,0
DA:37,0
DA:38,0
DA:40,0
BRDA:40,1,0,-
BRDA:40,1,1,-
DA:41,0
DA:42,0
DA:43,0
BRDA:43,2,0,-
BRDA:43,2,1,-
DA:44,0
DA:45,0
DA:46,0
BRDA:46,3,0,-
BRDA:46,3,1,-
DA:47,0
DA:48,0
DA:49,0
BRDA:49,4,0,-
BRDA:49,4,1,-
DA:50,0
DA:51,0
DA:52,0
BRDA:52,5,0,-
BRDA:52,5,1,-
DA:53,0
DA:54,0
DA:57,0
DA:67,0
DA:71,0
DA:73,0
DA:74,0
FNF:4
FNH:0
LF:28
LH:0
BRF:12
BRH:0
end_of_record
TN:
SF:script/DeployHelpers.s.sol
FN:19,ScaffoldETHDeploy.setupLocalhostEnv
FNDA:0,ScaffoldETHDeploy.setupLocalhostEnv
DA:23,0
BRDA:23,0,0,-
BRDA:23,0,1,-
DA:24,0
DA:25,0
DA:26,0
DA:27,0
DA:28,0
DA:29,0
DA:31,0
FN:35,ScaffoldETHDeploy.exportDeployments
FNDA:0,ScaffoldETHDeploy.exportDeployments
DA:37,0
DA:38,0
DA:39,0
DA:40,0
DA:42,0
DA:44,0
DA:46,0
DA:47,0
DA:54,0
DA:56,0
DA:61,0
DA:62,0
FN:65,ScaffoldETHDeploy.getChain
FNDA:0,ScaffoldETHDeploy.getChain
DA:66,0
FN:69,ScaffoldETHDeploy.findChainName
FNDA:0,ScaffoldETHDeploy.findChainName
DA:70,0
DA:71,0
DA:72,0
DA:73,0
DA:81,0
FNF:4
FNH:0
LF:26
LH:0
BRF:2
BRH:0
end_of_record
TN:
SF:script/VerifyAll.s.sol
FN:27,VerifyAll.run
FNDA:0,VerifyAll.run
DA:28,0
DA:29,0
DA:35,0
DA:37,0
DA:38,0
DA:39,0
FN:43,VerifyAll._verifyIfContractDeployment
FNDA:0,VerifyAll._verifyIfContractDeployment
DA:44,0
DA:51,0
BRDA:51,0,0,-
BRDA:51,0,1,-
DA:52,0
FN:56,VerifyAll._verifyContract
FNDA:0,VerifyAll._verifyContract
DA:57,0
DA:64,0
DA:71,0
DA:78,0
DA:85,0
DA:91,0
DA:92,0
DA:93,0
DA:94,0
DA:95,0
DA:96,0
DA:97,0
DA:98,0
DA:99,0
DA:100,0
DA:102,0
DA:104,0
BRDA:104,1,0,-
BRDA:104,1,1,-
DA:105,0
DA:111,0
DA:113,0
DA:115,0
FN:118,VerifyAll.nextTransaction
FNDA:0,VerifyAll.nextTransaction
DA:121,0
FN:128,VerifyAll._getCompiledBytecode
FNDA:0,VerifyAll._getCompiledBytecode
DA:131,0
DA:132,0
DA:140,0
FN:143,VerifyAll.getTransactionFromRaw
FNDA:0,VerifyAll.getTransactionFromRaw
DA:147,0
FN:150,VerifyAll.searchStr
FNDA:0,VerifyAll.searchStr
DA:154,0
DA:155,0
FNF:7
FNH:0
LF:37
LH:0
BRF:4
BRH:0
end_of_record
